2025-04-15 10:01:20,999 INFO o.s.b.StartupInfoLogger [main] Starting DemoApplication using Java 21.0.6 with PID 342973 (/home/thanhhd/Documents/demo/target/classes started by thanhhd in /home/thanhhd/Documents/demo)
2025-04-15 10:01:21,005 DEBUG o.s.b.StartupInfoLogger [main] Running with Spring Boot v3.4.4, Spring v6.2.5
2025-04-15 10:01:21,006 INFO o.s.b.SpringApplication [main] No active profile set, falling back to 1 default profile: "default"
2025-04-15 10:01:21,779 INFO o.s.d.r.c.RepositoryConfigurationDelegate [main] Multiple Spring Data modules found, entering strict repository configuration mode
2025-04-15 10:01:21,780 INFO o.s.d.r.c.RepositoryConfigurationDelegate [main] Bootstrapping Spring Data JPA repositories in DEFAULT mode.
2025-04-15 10:01:21,824 INFO o.s.d.r.c.RepositoryConfigurationDelegate [main] Finished Spring Data repository scanning in 38 ms. Found 3 JPA repository interfaces.
2025-04-15 10:01:21,834 INFO o.s.d.r.c.RepositoryConfigurationDelegate [main] Multiple Spring Data modules found, entering strict repository configuration mode
2025-04-15 10:01:21,835 INFO o.s.d.r.c.RepositoryConfigurationDelegate [main] Bootstrapping Spring Data Redis repositories in DEFAULT mode.
2025-04-15 10:01:21,853 INFO o.s.d.r.c.RepositoryConfigurationExtensionSupport [main] Spring Data Redis - Could not safely identify store assignment for repository candidate interface com.example.demo.repository.AntiHeroRepository; If you want this repository to be a Redis repository, consider annotating your entities with one of these annotations: org.springframework.data.redis.core.RedisHash (preferred), or consider extending one of the following types with your repository: org.springframework.data.keyvalue.repository.KeyValueRepository
2025-04-15 10:01:21,854 INFO o.s.d.r.c.RepositoryConfigurationExtensionSupport [main] Spring Data Redis - Could not safely identify store assignment for repository candidate interface com.example.demo.repository.RolesRepository; If you want this repository to be a Redis repository, consider annotating your entities with one of these annotations: org.springframework.data.redis.core.RedisHash (preferred), or consider extending one of the following types with your repository: org.springframework.data.keyvalue.repository.KeyValueRepository
2025-04-15 10:01:21,854 INFO o.s.d.r.c.RepositoryConfigurationExtensionSupport [main] Spring Data Redis - Could not safely identify store assignment for repository candidate interface com.example.demo.repository.UserRepository; If you want this repository to be a Redis repository, consider annotating your entities with one of these annotations: org.springframework.data.redis.core.RedisHash (preferred), or consider extending one of the following types with your repository: org.springframework.data.keyvalue.repository.KeyValueRepository
2025-04-15 10:01:21,855 INFO o.s.d.r.c.RepositoryConfigurationDelegate [main] Finished Spring Data repository scanning in 13 ms. Found 0 Redis repository interfaces.
2025-04-15 10:01:22,309 INFO o.s.b.w.e.t.TomcatWebServer [main] Tomcat initialized with port 8080 (http)
2025-04-15 10:01:22,359 INFO o.s.b.w.s.c.ServletWebServerApplicationContext [main] Root WebApplicationContext: initialization completed in 1321 ms
2025-04-15 10:01:22,771 INFO o.s.o.j.p.SpringPersistenceUnitInfo [main] No LoadTimeWeaver setup: ignoring JPA class transformer
2025-04-15 10:01:23,945 INFO o.s.o.j.AbstractEntityManagerFactoryBean [main] Initialized JPA EntityManagerFactory for persistence unit 'default'
2025-04-15 10:01:24,109 INFO o.s.d.j.r.q.QueryEnhancerFactory [main] Hibernate is in classpath; If applicable, HQL parser will be used.
2025-04-15 10:01:24,810 DEBUG o.s.w.f.GenericFilterBean [main] Filter 'jwtRequestFilter' configured for use
2025-04-15 10:01:25,137 WARN o.s.b.a.o.j.JpaBaseConfiguration$JpaWebConfiguration [main] spring.jpa.open-in-view is enabled by default. Therefore, database queries may be performed during view rendering. Explicitly configure spring.jpa.open-in-view to disable this warning
2025-04-15 10:01:25,163 INFO o.s.s.c.a.a.c.InitializeAuthenticationProviderBeanManagerConfigurer$InitializeAuthenticationProviderManagerConfigurer [main] Global AuthenticationManager configured with AuthenticationProvider bean with name authenticationProvider
2025-04-15 10:01:25,163 WARN o.s.s.c.a.a.c.InitializeUserDetailsBeanManagerConfigurer$InitializeUserDetailsManagerConfigurer [main] Global AuthenticationManager configured with an AuthenticationProvider bean. UserDetailsService beans will not be used by Spring Security for automatically configuring username/password login. Consider removing the AuthenticationProvider bean. Alternatively, consider using the UserDetailsService in a manually instantiated DaoAuthenticationProvider. If the current configuration is intentional, to turn off this warning, increase the logging level of 'org.springframework.security.config.annotation.authentication.configuration.InitializeUserDetailsBeanManagerConfigurer' to ERROR
2025-04-15 10:01:25,771 INFO o.s.b.w.e.t.TomcatWebServer [main] Tomcat started on port 8080 (http) with context path '/'
2025-04-15 10:01:25,779 INFO o.s.b.StartupInfoLogger [main] Started DemoApplication in 5.027 seconds (process running for 5.695)
2025-04-15 10:01:54,192 INFO o.s.w.s.FrameworkServlet [http-nio-8080-exec-1] Initializing Servlet 'dispatcherServlet'
2025-04-15 10:01:54,193 INFO o.s.w.s.FrameworkServlet [http-nio-8080-exec-1] Completed initialization in 1 ms
2025-04-15 10:01:54,287 INFO c.e.d.j.c.AuthenticateController [http-nio-8080-exec-2] Authenticating user: thanhhuynh
2025-04-15 10:21:31,335 INFO c.e.d.j.c.AuthenticateController [http-nio-8080-exec-4] Authenticating user: thanhhuynh
2025-04-15 10:32:42,871 INFO c.e.d.j.c.AuthenticateController [http-nio-8080-exec-10] Authenticating user: thanhhuynh
2025-04-15 10:34:29,466 INFO c.e.d.j.c.AuthenticateController [http-nio-8080-exec-1] Authenticating user: thanhhuynh
2025-04-15 10:37:38,324 INFO c.e.d.j.c.AuthenticateController [http-nio-8080-exec-4] Authenticating user: thanhhuynh
2025-04-15 10:39:46,291 INFO c.e.d.j.c.AuthenticateController [http-nio-8080-exec-7] Authenticating user: thanhhuynh
2025-04-15 10:40:38,603 INFO c.e.d.j.c.AuthenticateController [http-nio-8080-exec-10] Authenticating user: thanhhuynh
2025-04-15 10:49:43,961 INFO c.e.d.j.c.AuthenticateController [http-nio-8080-exec-2] Authenticating user: thanhhuynh
2025-04-15 10:49:52,624 INFO c.e.d.c.AntiHeroController [http-nio-8080-exec-4] Getting anti hero list
2025-04-15 10:52:56,216 INFO c.e.d.j.c.AuthenticateController [http-nio-8080-exec-7] Authenticating user: thanhhuynh
2025-04-15 10:52:56,508 INFO c.e.d.c.AntiHeroController [http-nio-8080-exec-9] Getting anti hero list
2025-04-15 11:16:43,512 INFO c.e.d.j.c.AuthenticateController [http-nio-8080-exec-8] Authenticating user: thanhhuynh
2025-04-15 11:16:43,806 INFO c.e.d.c.AntiHeroController [http-nio-8080-exec-1] Getting anti hero list
2025-04-15 11:18:15,765 INFO c.e.d.j.c.AuthenticateController [http-nio-8080-exec-3] Authenticating user: thanhhuynh
2025-04-15 11:18:16,056 INFO c.e.d.c.AntiHeroController [http-nio-8080-exec-4] Getting anti hero list
2025-04-15 11:25:00,894 INFO c.e.d.j.c.AuthenticateController [http-nio-8080-exec-7] Authenticating user: thanhhuynh
2025-04-15 11:25:01,182 INFO c.e.d.c.AntiHeroController [http-nio-8080-exec-10] Getting anti hero list
2025-04-15 11:41:32,394 INFO c.e.d.j.c.AuthenticateController [http-nio-8080-exec-1] Authenticating user: thanhhuynh
2025-04-15 11:41:47,514 INFO c.e.d.c.AntiHeroController [http-nio-8080-exec-2] Getting anti hero list
2025-04-15 11:51:24,622 INFO o.s.b.w.e.t.GracefulShutdown [SpringApplicationShutdownHook] Commencing graceful shutdown. Waiting for active requests to complete
2025-04-15 11:51:24,624 INFO o.s.b.w.e.t.GracefulShutdown [tomcat-shutdown] Graceful shutdown complete
2025-04-15 11:51:24,629 INFO o.s.o.j.AbstractEntityManagerFactoryBean [SpringApplicationShutdownHook] Closing JPA EntityManagerFactory for persistence unit 'default'
